Number of cores: 1
Dataset: partitions
Number of files: 1
Total pairs processed: 2500
Load time f1: 26.296382445842028
Load time f2: 15.729961157776415
MDR time: 82.47865095408633
Save time: 48.67617609305307
Run time: 176.55532812094316
Total time: 707.5715903239325

Number of cores: 2
Dataset: partitions
Number of files: 1
Total pairs processed: 2500
Load time f1: 27.08535168133676
Load time f2: 16.00188076402992
MDR time: 63.479933127295226
Save time: 41.969998471904546
Run time: 152.058715372812
Total time: 673.6500819493085

Number of cores: 1
Dataset: partitions
Number of files: 3
Total pairs processed: 15000
Load time f1: 15.401318126823753
Load time f2: 15.584843470249325
MDR time: 81.62075437000021
Save time: 45.86705541936681
Run time: 943.0135492449626
Total time: 1474.1057639159262

