Number of cores: 1
Dataset: partitions
Number of files: 1
Total pairs processed: 2500
Run time: 168.79138816986233
Total time: 788.1596932802349

Number of cores: 2
Dataset: partitions
Number of files: 1
Total pairs processed: 2500
Run time: 168.04977255919948
Total time: 783.4006788600236

Number of cores: 4
Dataset: partitions
Number of files: 1
Total pairs processed: 2500
Run time: 195.21622640872374
Total time: 763.6845777090639

Number of cores: 1
Dataset: partitions
Number of files: 3
Total pairs processed: 15000
Run time: 751.1343161631376
Total time: 1340.322832159698

Number of cores: 2
Dataset: partitions
Number of files: 3
Total pairs processed: 15000
Run time: 732.1415112647228
Total time: 1347.9167663101107

Number of cores: 4
Dataset: partitions
Number of files: 3
Total pairs processed: 15000
Run time: 897.8336789370514
Total time: 1461.5387501120567

Number of cores: 1
Dataset: partitions
Number of files: 5
Total pairs processed: 37500
Run time: 1708.9524088990875
Total time: 2322.1887898137793

Number of cores: 2
Dataset: partitions
Number of files: 5
Total pairs processed: 37500
Run time: 1701.6761973211542
Total time: 2322.92422564188

Number of cores: 4
Dataset: partitions
Number of files: 5
Total pairs processed: 37500
Run time: 2042.6289474861696
Total time: 2600.98554029176

