Number of cores: 1
Dataset: partitions
Number of files: 1
Total pairs processed: 2500
Run time: 174.64061637874693
Total time: 701.5362150738947

Number of cores: 2
Dataset: partitions
Number of files: 1
Total pairs processed: 2500
Run time: 145.85738498019055
Total time: 683.6722343000583

Number of cores: 4
Dataset: partitions
Number of files: 1
Total pairs processed: 2500
Run time: 144.59102038480341
Total time: 682.0434108548798

Number of cores: 1
Dataset: partitions
Number of files: 3
Total pairs processed: 15000
Run time: 922.9350135070272
Total time: 1463.6067159851082

Number of cores: 2
Dataset: partitions
Number of files: 3
Total pairs processed: 15000
Run time: 759.3349605458789
Total time: 1285.109686770942

Number of cores: 4
Dataset: partitions
Number of files: 3
Total pairs processed: 15000
Run time: 712.8860856047831
Total time: 1255.5856108381413

Number of cores: 1
Dataset: partitions
Number of files: 5
Total pairs processed: 37500
Run time: 2216.027201917954
Total time: 2752.753788324073

Number of cores: 2
Dataset: partitions
Number of files: 5
Total pairs processed: 37500
Run time: 1752.5077383788303
Total time: 2283.0730984583497

Number of cores: 4
Dataset: partitions
Number of files: 5
Total pairs processed: 37500
Run time: 1679.4915324011818
Total time: 2205.4325536959805

